<?xml version="1.0" encoding="UTF-8"?>
<!-- Generated by org.testng.reporters.JUnitReportReporter -->
<testsuite hostname="LAPTOP-GAUPM6CM" failures="0" tests="1" name="dec14th.AlertHandling1" time="8.593" errors="0" timestamp="2023-12-14T11:17:46 IST" skipped="0">
  <testcase classname="dec14th.AlertHandling1" name="alertsHandleTest" time="8.593"/>
</testsuite> <!-- dec14th.AlertHandling1 -->
