<?xml version="1.0" encoding="UTF-8"?>
<!-- Generated by org.testng.reporters.JUnitReportReporter -->
<testsuite hostname="LAPTOP-GAUPM6CM" failures="0" tests="1" name="dec12th.DragAndDrop" time="6.760" errors="0" timestamp="2023-12-12T11:13:28 IST" skipped="0">
  <testcase classname="dec12th.DragAndDrop" name="dragAndDropTest" time="6.760"/>
</testsuite> <!-- dec12th.DragAndDrop -->
