<?xml version="1.0" encoding="UTF-8"?>
<!-- Generated by org.testng.reporters.JUnitReportReporter -->
<testsuite hostname="LAPTOP-GAUPM6CM" failures="0" tests="1" name="dec15th.ScreenshotDemo1" time="13.146" errors="0" timestamp="2023-12-18T10:51:49 IST" skipped="0">
  <testcase classname="dec15th.ScreenshotDemo1" name="validateLoginTest" time="13.146"/>
</testsuite> <!-- dec15th.ScreenshotDemo1 -->
