<?xml version="1.0" encoding="UTF-8"?>
<!-- Generated by org.testng.reporters.JUnitReportReporter -->
<testsuite hostname="LAPTOP-GAUPM6CM" failures="0" tests="1" name="dec15th.ScreenshotDemo1" time="9.589" errors="0" timestamp="2023-12-15T11:36:02 IST" skipped="0">
  <testcase classname="dec15th.ScreenshotDemo1" name="validateLoginTest" time="9.589"/>
</testsuite> <!-- dec15th.ScreenshotDemo1 -->
