<?xml version="1.0" encoding="UTF-8"?>
<!-- Generated by org.testng.reporters.JUnitReportReporter -->
<testsuite hostname="LAPTOP-GAUPM6CM" failures="0" tests="1" name="dec13th.MultipleWindowHandle2" time="19.466" errors="0" timestamp="2023-12-13T11:16:59 IST" skipped="0">
  <testcase classname="dec13th.MultipleWindowHandle2" name="multipleWindowHandleTest" time="19.466"/>
</testsuite> <!-- dec13th.MultipleWindowHandle2 -->
