<?xml version="1.0" encoding="UTF-8"?>
<!-- Generated by org.testng.reporters.JUnitReportReporter -->
<testsuite hostname="LAPTOP-GAUPM6CM" failures="0" tests="1" name="dec18th.WaitsDemo3" time="11.464" errors="0" timestamp="2023-12-18T11:33:29 IST" skipped="0">
  <testcase classname="dec18th.WaitsDemo3" name="validateLoginTest" time="11.464"/>
</testsuite> <!-- dec18th.WaitsDemo3 -->
