<?xml version="1.0" encoding="UTF-8"?>
<!-- Generated by org.testng.reporters.JUnitReportReporter -->
<testsuite hostname="LAPTOP-GAUPM6CM" failures="0" tests="1" name="dec19th.CheckBox1" time="15.314" errors="0" timestamp="2023-12-19T11:07:19 IST" skipped="0">
  <testcase classname="dec19th.CheckBox1" name="checkButtonTest" time="15.314"/>
</testsuite> <!-- dec19th.CheckBox1 -->
