<?xml version="1.0" encoding="UTF-8"?>
<!-- Generated by org.testng.reporters.JUnitReportReporter -->
<testsuite hostname="LAPTOP-GAUPM6CM" failures="0" tests="1" name="dec19th.WebTable2" time="83.650" errors="0" timestamp="2023-12-19T11:24:04 IST" skipped="0">
  <testcase classname="dec19th.WebTable2" name="webTableTest" time="83.650"/>
</testsuite> <!-- dec19th.WebTable2 -->
