<?xml version="1.0" encoding="UTF-8"?>
<!-- Generated by org.testng.reporters.JUnitReportReporter -->
<testsuite hostname="LAPTOP-GAUPM6CM" failures="0" tests="1" name="dec19th.WebTable3" time="75.177" errors="0" timestamp="2023-12-19T11:31:37 IST" skipped="0">
  <testcase classname="dec19th.WebTable3" name="webTableTest" time="75.177"/>
</testsuite> <!-- dec19th.WebTable3 -->
