<?xml version="1.0" encoding="UTF-8"?>
<!-- Generated by org.testng.reporters.JUnitReportReporter -->
<testsuite hostname="LAPTOP-GAUPM6CM" failures="0" tests="1" name="dec18th.WaitsDemo1" time="6.542" errors="0" timestamp="2023-12-18T11:07:48 IST" skipped="0">
  <testcase classname="dec18th.WaitsDemo1" name="validateLoginTest" time="6.542"/>
</testsuite> <!-- dec18th.WaitsDemo1 -->
