<?xml version="1.0" encoding="UTF-8"?>
<!-- Generated by org.testng.reporters.JUnitReportReporter -->
<testsuite hostname="LAPTOP-GAUPM6CM" failures="0" tests="1" name="dec15th.JavaScriptExecDemo1" time="13.657" errors="0" timestamp="2023-12-15T11:08:13 IST" skipped="0">
  <testcase classname="dec15th.JavaScriptExecDemo1" name="framesHandleTest" time="13.657"/>
</testsuite> <!-- dec15th.JavaScriptExecDemo1 -->
