<?xml version="1.0" encoding="UTF-8"?>
<!-- Generated by org.testng.reporters.JUnitReportReporter -->
<testsuite hostname="LAPTOP-GAUPM6CM" failures="0" tests="1" name="dec14th.FrameHandling1" time="7.069" errors="0" timestamp="2023-12-14T10:49:38 IST" skipped="0">
  <testcase classname="dec14th.FrameHandling1" name="framesHandleTest" time="7.069"/>
</testsuite> <!-- dec14th.FrameHandling1 -->
