<?xml version="1.0" encoding="UTF-8"?>
<!-- Generated by org.testng.reporters.JUnitReportReporter -->
<testsuite hostname="LAPTOP-GAUPM6CM" failures="0" tests="1" name="dec18th.WaitsDemo2" time="11.082" errors="0" timestamp="2023-12-18T11:22:17 IST" skipped="0">
  <testcase classname="dec18th.WaitsDemo2" name="validateLoginTest" time="11.082"/>
</testsuite> <!-- dec18th.WaitsDemo2 -->
