<?xml version="1.0" encoding="UTF-8"?>
<!-- Generated by org.testng.reporters.JUnitReportReporter -->
<testsuite hostname="LAPTOP-GAUPM6CM" failures="0" tests="2" name="dec11th.ValidateLogin" time="28.898" errors="0" timestamp="2023-12-11T11:13:28 IST" skipped="1">
  <testcase classname="dec11th.ValidateLogin" name="validateLoginUsingCredentialsBlank" time="28.898"/>
  <testcase classname="dec11th.ValidateLogin" name="validateLoginUsingValidCredentials">
    <skipped/>
  </testcase> <!-- validateLoginUsingValidCredentials -->
</testsuite> <!-- dec11th.ValidateLogin -->
