<?xml version="1.0" encoding="UTF-8"?>
<!-- Generated by org.testng.reporters.JUnitReportReporter -->
<testsuite hostname="LAPTOP-GAUPM6CM" failures="0" tests="1" name="dec19th.RadioButton" time="15.058" errors="0" timestamp="2023-12-19T10:48:12 IST" skipped="0">
  <testcase classname="dec19th.RadioButton" name="validateLoginTest" time="15.058"/>
</testsuite> <!-- dec19th.RadioButton -->
