<?xml version="1.0" encoding="UTF-8"?>
<!-- Generated by org.testng.reporters.JUnitReportReporter -->
<testsuite hostname="LAPTOP-GAUPM6CM" failures="0" tests="1" name="dec15th.JavaScriptExecDemo2" time="6.696" errors="0" timestamp="2023-12-15T11:12:41 IST" skipped="0">
  <testcase classname="dec15th.JavaScriptExecDemo2" name="framesHandleTest" time="6.696"/>
</testsuite> <!-- dec15th.JavaScriptExecDemo2 -->
