<?xml version="1.0" encoding="UTF-8"?>
<!-- Generated by org.testng.reporters.JUnitReportReporter -->
<testsuite hostname="LAPTOP-GAUPM6CM" failures="0" tests="1" name="dec14th.FrameHandling2" time="15.000" errors="0" timestamp="2023-12-14T11:06:27 IST" skipped="0">
  <testcase classname="dec14th.FrameHandling2" name="framesHandleTest" time="15.000"/>
</testsuite> <!-- dec14th.FrameHandling2 -->
