<?xml version="1.0" encoding="UTF-8"?>
<!-- Generated by org.testng.reporters.JUnitReportReporter -->
<testsuite hostname="LAPTOP-GAUPM6CM" failures="0" tests="4" name="dec8th.Adactin" time="0.011" errors="0" timestamp="2023-12-08T11:34:08 IST" skipped="0">
  <testcase classname="dec8th.Adactin" name="registrationTest" time="0.006"/>
  <testcase classname="dec8th.Adactin" name="loginTest" time="0.003"/>
  <testcase classname="dec8th.Adactin" name="forgotPassword" time="0.001"/>
  <testcase classname="dec8th.Adactin" name="changePasswordTest" time="0.001"/>
</testsuite> <!-- dec8th.Adactin -->
