<?xml version="1.0" encoding="UTF-8"?>
<!-- Generated by org.testng.reporters.JUnitReportReporter -->
<testsuite hostname="LAPTOP-GAUPM6CM" failures="0" tests="1" name="dec15th.AdactinLogin" time="19.656" errors="0" timestamp="2023-12-15T11:26:01 IST" skipped="0">
  <testcase classname="dec15th.AdactinLogin" name="validateLoginTest" time="19.656"/>
</testsuite> <!-- dec15th.AdactinLogin -->
