<?xml version="1.0" encoding="UTF-8"?>
<!-- Generated by org.testng.reporters.JUnitReportReporter -->
<testsuite hostname="LAPTOP-GAUPM6CM" failures="0" tests="1" name="dec11th.MouseHover" time="10.521" errors="0" timestamp="2023-12-12T11:01:32 IST" skipped="0">
  <testcase classname="dec11th.MouseHover" name="mouseHoverTest" time="10.521"/>
</testsuite> <!-- dec11th.MouseHover -->
